<?xml version="1.0" encoding="UTF-8"?>
<testsuite name="calculateSavingsTest" tests="11" skipped="0" failures="0" errors="0" timestamp="2020-12-04T04:07:07" hostname="VIEWTENDO" time="0.104">
  <properties/>
  <testcase name="oneBearTesttwoClothing" classname="calculateSavingsTest" time="0.04"/>
  <testcase name="oneBearManyAccessories" classname="calculateSavingsTest" time="0.03"/>
  <testcase name="oneBearTest3clothingsExpectSaving" classname="calculateSavingsTest" time="0.001"/>
  <testcase name="twoBearNoSavings" classname="calculateSavingsTest" time="0.002"/>
  <testcase name="oneBearNOembroidery" classname="calculateSavingsTest" time="0.002"/>
  <testcase name="threeBearsSaveOnCheapest" classname="calculateSavingsTest" time="0.003"/>
  <testcase name="oneBearLargeEmbroidery" classname="calculateSavingsTest" time="0.001"/>
  <testcase name="oneBearTestoneClothing" classname="calculateSavingsTest" time="0.001"/>
  <testcase name="oneBearmediumembroidery" classname="calculateSavingsTest" time="0.001"/>
  <testcase name="oneBearsmallembroidery" classname="calculateSavingsTest" time="0.01"/>
  <testcase name="oneBearNoSavings" classname="calculateSavingsTest" time="0.001"/>
  <system-out><![CDATA[]]></system-out>
  <system-err><![CDATA[]]></system-err>
</testsuite>
